{
  "RSpec": {
    "coverage": {
      "/Users/suyesh/Desktop/picsum/app/models/info.rb": {
        "lines": [
          null,
          null,
          null,
          null,
          null,
          null,
          null,
          null,
          null,
          null,
          null,
          null,
          null,
          null,
          null,
          null,
          null,
          null,
          null,
          null,
          1,
          null,
          null,
          1,
          null
        ]
      },
      "/Users/suyesh/Desktop/picsum/app/models/application_record.rb": {
        "lines": [
          1,
          1,
          null
        ]
      },
      "/Users/suyesh/Desktop/picsum/spec/models/like_spec.rb": {
        "lines": [
          null,
          null,
          1,
          null,
          1,
          2,
          2,
          null
        ]
      },
      "/Users/suyesh/Desktop/picsum/app/models/like.rb": {
        "lines": [
          null,
          null,
          null,
          null,
          null,
          null,
          null,
          null,
          null,
          null,
          null,
          null,
          null,
          null,
          null,
          null,
          null,
          1,
          null,
          null,
          1,
          1,
          null
        ]
      },
      "/Users/suyesh/Desktop/picsum/spec/models/pic_spec.rb": {
        "lines": [
          null,
          null,
          1,
          null,
          1,
          3,
          8,
          null,
          2,
          null,
          1,
          1,
          null,
          null,
          1,
          1,
          null,
          null,
          1,
          1,
          null,
          null,
          1,
          1,
          null,
          null,
          1,
          1,
          1,
          null,
          null,
          1,
          1,
          1,
          1,
          null,
          null,
          1,
          1,
          null,
          null,
          1,
          1,
          1,
          2,
          null,
          null,
          1,
          1,
          1,
          2,
          null,
          null,
          1,
          1,
          1,
          2,
          null,
          null
        ]
      },
      "/Users/suyesh/Desktop/picsum/app/models/pic.rb": {
        "lines": [
          null,
          null,
          1,
          null,
          null,
          null,
          null,
          null,
          null,
          null,
          null,
          null,
          null,
          null,
          null,
          null,
          null,
          null,
          null,
          null,
          1,
          null,
          null,
          1,
          1,
          1,
          1,
          1,
          null,
          null,
          null,
          1,
          1,
          null,
          null,
          null,
          1,
          1,
          1,
          null,
          null,
          null,
          1,
          1,
          1,
          null,
          null,
          null,
          1,
          11,
          11,
          null,
          9,
          null,
          null,
          1,
          11,
          null,
          11,
          null,
          null,
          null,
          null,
          null,
          null,
          null,
          null,
          null,
          1,
          2,
          null,
          null,
          1,
          1,
          null,
          null,
          null,
          null,
          1,
          153,
          153,
          153,
          153,
          153,
          null,
          null,
          1,
          11,
          255,
          153,
          null,
          255,
          null,
          null,
          null,
          1,
          11,
          null,
          2,
          2,
          2,
          null,
          2,
          null,
          null,
          1,
          null,
          null,
          null,
          null,
          1,
          110,
          null,
          null,
          1,
          110,
          110,
          110,
          107,
          107,
          null,
          null,
          null,
          null,
          null,
          null,
          null,
          null,
          null,
          null
        ]
      },
      "/Users/suyesh/Desktop/picsum/spec/models/user_spec.rb": {
        "lines": [
          null,
          null,
          1,
          null,
          1,
          10,
          null,
          1,
          1,
          null,
          null,
          1,
          1,
          1,
          1,
          null,
          null,
          1,
          1,
          null,
          null,
          1,
          1,
          null,
          null,
          1,
          1,
          null,
          null,
          1,
          1,
          null,
          null,
          1,
          1,
          null,
          null,
          1,
          1,
          1,
          1,
          1,
          null,
          null,
          1,
          1,
          null,
          null,
          2,
          null
        ]
      },
      "/Users/suyesh/Desktop/picsum/app/models/user.rb": {
        "lines": [
          null,
          null,
          null,
          null,
          null,
          null,
          null,
          null,
          null,
          null,
          null,
          null,
          null,
          null,
          null,
          null,
          null,
          null,
          1,
          null,
          null,
          1,
          4,
          null,
          null,
          null,
          null,
          1,
          1,
          null,
          null,
          1,
          1,
          1,
          1,
          null,
          null,
          null,
          1,
          1,
          null
        ]
      },
      "/Users/suyesh/Desktop/picsum/spec/requests/api/pics_request_spec.rb": {
        "lines": [
          null,
          null,
          1,
          null,
          1,
          1,
          1,
          100,
          null,
          null,
          1,
          1,
          1,
          1,
          null,
          null,
          1,
          1,
          null,
          null,
          1,
          1,
          null,
          null,
          1,
          1,
          null,
          null,
          1,
          1,
          null,
          null,
          1,
          1,
          null,
          null,
          1,
          1,
          null,
          null,
          null,
          1,
          1,
          1,
          1,
          null,
          null,
          1,
          1,
          1,
          null,
          null,
          1,
          1,
          1,
          51,
          null,
          1,
          1,
          1,
          51,
          null,
          null,
          1,
          1,
          1,
          51,
          null,
          null,
          1,
          1,
          1,
          2,
          null,
          null,
          1,
          1,
          1,
          2,
          null,
          null,
          null,
          null
        ]
      },
      "/Users/suyesh/Desktop/picsum/spec/requests/api/users_request_spec.rb": {
        "lines": [
          null,
          null,
          1,
          null,
          1,
          1,
          1,
          1,
          1,
          null,
          null,
          null
        ]
      },
      "/Users/suyesh/Desktop/picsum/app/controllers/application_controller.rb": {
        "lines": [
          null,
          null,
          1,
          null
        ]
      },
      "/Users/suyesh/Desktop/picsum/app/controllers/api/pics_controller.rb": {
        "lines": [
          null,
          null,
          1,
          1,
          8,
          null,
          null,
          null,
          null,
          null,
          null,
          null,
          8,
          null,
          null,
          1,
          null,
          1,
          0,
          null,
          null
        ]
      },
      "/Users/suyesh/Desktop/picsum/app/controllers/api_controller.rb": {
        "lines": [
          1,
          null,
          null,
          1,
          1,
          1,
          1,
          null
        ]
      },
      "/Users/suyesh/Desktop/picsum/lib/application_responder.rb": {
        "lines": [
          null,
          null,
          1,
          1,
          1,
          null
        ]
      },
      "/Users/suyesh/Desktop/picsum/app/controllers/concerns/response.rb": {
        "lines": [
          null,
          null,
          1,
          1,
          8,
          null,
          null
        ]
      },
      "/Users/suyesh/Desktop/picsum/app/controllers/api/users_controller.rb": {
        "lines": [
          null,
          null,
          1,
          1,
          null
        ]
      }
    },
    "timestamp": 1586927517
  }
}
